1641780817535	geckodriver	INFO	Listening on 127.0.0.1:52514
1641780817553	mozrunner::runner	INFO	Running command: "/Applications/Firefox.app/Contents/MacOS/firefox-bin" "--marionette" "--headless" "-foreground" "-no-remote" "-profile" "/var/folders/zj/64pcvrn117b35wx61ttyc22dy4rksl/T/rust_mozprofileiuba6h"
*** You are running in headless mode.
console.error: Policies.jsm: 
  Unable to find certificate - gnm_root_ca.cer
1641780817953	Marionette	INFO	Marionette enabled
[GFX1-]: RenderCompositorSWGL failed mapping default framebuffer, no dt
console.warn: SearchSettings: "get: No settings file exists, new profile?" (new NotFoundError("Could not open the file at /var/folders/zj/64pcvrn117b35wx61ttyc22dy4rksl/T/rust_mozprofileiuba6h/search.json.mozlz4", (void 0)))
console.error: BackgroundUpdate: 
  _reasonsToNotScheduleUpdates: Failed to check for Maintenance Service Registry Key: [Exception... "Component returned failure code: 0x80004001 (NS_ERROR_NOT_IMPLEMENTED) [nsIUpdateProcessor.getServiceRegKeyExists]"  nsresult: "0x80004001 (NS_ERROR_NOT_IMPLEMENTED)"  location: "JS frame :: resource://gre/modules/BackgroundUpdate.jsm :: _reasonsToNotScheduleUpdates :: line 243"  data: no]
1641780819123	Marionette	INFO	Listening on port 52524
1641780819153	RemoteAgent	WARN	TLS certificate errors will be ignored for this session
1641780937051	geckodriver	INFO	Listening on 127.0.0.1:52633
1641780937060	mozrunner::runner	INFO	Running command: "/Applications/Firefox.app/Contents/MacOS/firefox-bin" "--marionette" "--headless" "-foreground" "-no-remote" "-profile" "/var/folders/zj/64pcvrn117b35wx61ttyc22dy4rksl/T/rust_mozprofileb949Pf"
*** You are running in headless mode.
console.error: Policies.jsm: 
  Unable to find certificate - gnm_root_ca.cer
1641780937361	Marionette	INFO	Marionette enabled
[GFX1-]: RenderCompositorSWGL failed mapping default framebuffer, no dt
console.warn: SearchSettings: "get: No settings file exists, new profile?" (new NotFoundError("Could not open the file at /var/folders/zj/64pcvrn117b35wx61ttyc22dy4rksl/T/rust_mozprofileb949Pf/search.json.mozlz4", (void 0)))
console.error: BackgroundUpdate: 
  _reasonsToNotScheduleUpdates: Failed to check for Maintenance Service Registry Key: [Exception... "Component returned failure code: 0x80004001 (NS_ERROR_NOT_IMPLEMENTED) [nsIUpdateProcessor.getServiceRegKeyExists]"  nsresult: "0x80004001 (NS_ERROR_NOT_IMPLEMENTED)"  location: "JS frame :: resource://gre/modules/BackgroundUpdate.jsm :: _reasonsToNotScheduleUpdates :: line 243"  data: no]
1641780938399	Marionette	INFO	Listening on port 52642
1641780938433	RemoteAgent	WARN	TLS certificate errors will be ignored for this session
1641781122793	geckodriver	INFO	Listening on 127.0.0.1:52745
1641781122803	mozrunner::runner	INFO	Running command: "/Applications/Firefox.app/Contents/MacOS/firefox-bin" "--marionette" "--headless" "-foreground" "-no-remote" "-profile" "/var/folders/zj/64pcvrn117b35wx61ttyc22dy4rksl/T/rust_mozprofileVVyZBs"
*** You are running in headless mode.
console.error: Policies.jsm: 
  Unable to find certificate - gnm_root_ca.cer
1641781123100	Marionette	INFO	Marionette enabled
[GFX1-]: RenderCompositorSWGL failed mapping default framebuffer, no dt
console.warn: SearchSettings: "get: No settings file exists, new profile?" (new NotFoundError("Could not open the file at /var/folders/zj/64pcvrn117b35wx61ttyc22dy4rksl/T/rust_mozprofileVVyZBs/search.json.mozlz4", (void 0)))
console.error: BackgroundUpdate: 
  _reasonsToNotScheduleUpdates: Failed to check for Maintenance Service Registry Key: [Exception... "Component returned failure code: 0x80004001 (NS_ERROR_NOT_IMPLEMENTED) [nsIUpdateProcessor.getServiceRegKeyExists]"  nsresult: "0x80004001 (NS_ERROR_NOT_IMPLEMENTED)"  location: "JS frame :: resource://gre/modules/BackgroundUpdate.jsm :: _reasonsToNotScheduleUpdates :: line 243"  data: no]
1641781124149	Marionette	INFO	Listening on port 52754
1641781124172	RemoteAgent	WARN	TLS certificate errors will be ignored for this session
1641783302801	geckodriver	INFO	Listening on 127.0.0.1:53143
1641783303805	mozrunner::runner	INFO	Running command: "/Applications/Firefox.app/Contents/MacOS/firefox-bin" "--marionette" "--headless" "-foreground" "-no-remote" "-profile" "/var/folders/zj/64pcvrn117b35wx61ttyc22dy4rksl/T/rust_mozprofileQtdJrn"
*** You are running in headless mode.
console.error: Policies.jsm: 
  Unable to find certificate - gnm_root_ca.cer
1641783304227	Marionette	INFO	Marionette enabled
[GFX1-]: RenderCompositorSWGL failed mapping default framebuffer, no dt
console.warn: SearchSettings: "get: No settings file exists, new profile?" (new NotFoundError("Could not open the file at /var/folders/zj/64pcvrn117b35wx61ttyc22dy4rksl/T/rust_mozprofileQtdJrn/search.json.mozlz4", (void 0)))
console.error: BackgroundUpdate: 
  _reasonsToNotScheduleUpdates: Failed to check for Maintenance Service Registry Key: [Exception... "Component returned failure code: 0x80004001 (NS_ERROR_NOT_IMPLEMENTED) [nsIUpdateProcessor.getServiceRegKeyExists]"  nsresult: "0x80004001 (NS_ERROR_NOT_IMPLEMENTED)"  location: "JS frame :: resource://gre/modules/BackgroundUpdate.jsm :: _reasonsToNotScheduleUpdates :: line 243"  data: no]
1641783305295	Marionette	INFO	Listening on port 53154
1641783305374	RemoteAgent	WARN	TLS certificate errors will be ignored for this session
1641783470402	geckodriver	INFO	Listening on 127.0.0.1:53305
1641783471411	mozrunner::runner	INFO	Running command: "/Applications/Firefox.app/Contents/MacOS/firefox-bin" "--marionette" "--headless" "-foreground" "-no-remote" "-profile" "/var/folders/zj/64pcvrn117b35wx61ttyc22dy4rksl/T/rust_mozprofileJh9tLo"
*** You are running in headless mode.
console.error: Policies.jsm: 
  Unable to find certificate - gnm_root_ca.cer
1641783472084	Marionette	INFO	Marionette enabled
[GFX1-]: RenderCompositorSWGL failed mapping default framebuffer, no dt
console.warn: SearchSettings: "get: No settings file exists, new profile?" (new NotFoundError("Could not open the file at /var/folders/zj/64pcvrn117b35wx61ttyc22dy4rksl/T/rust_mozprofileJh9tLo/search.json.mozlz4", (void 0)))
console.error: BackgroundUpdate: 
  _reasonsToNotScheduleUpdates: Failed to check for Maintenance Service Registry Key: [Exception... "Component returned failure code: 0x80004001 (NS_ERROR_NOT_IMPLEMENTED) [nsIUpdateProcessor.getServiceRegKeyExists]"  nsresult: "0x80004001 (NS_ERROR_NOT_IMPLEMENTED)"  location: "JS frame :: resource://gre/modules/BackgroundUpdate.jsm :: _reasonsToNotScheduleUpdates :: line 243"  data: no]
1641783473458	Marionette	INFO	Listening on port 53316
1641783473516	RemoteAgent	WARN	TLS certificate errors will be ignored for this session
1641783585293	geckodriver	INFO	Listening on 127.0.0.1:53449
1641783585302	mozrunner::runner	INFO	Running command: "/Applications/Firefox.app/Contents/MacOS/firefox-bin" "--marionette" "--headless" "-foreground" "-no-remote" "-profile" "/var/folders/zj/64pcvrn117b35wx61ttyc22dy4rksl/T/rust_mozprofile55CB2t"
*** You are running in headless mode.
console.error: Policies.jsm: 
  Unable to find certificate - gnm_root_ca.cer
1641783585638	Marionette	INFO	Marionette enabled
[GFX1-]: RenderCompositorSWGL failed mapping default framebuffer, no dt
console.warn: SearchSettings: "get: No settings file exists, new profile?" (new NotFoundError("Could not open the file at /var/folders/zj/64pcvrn117b35wx61ttyc22dy4rksl/T/rust_mozprofile55CB2t/search.json.mozlz4", (void 0)))
console.error: BackgroundUpdate: 
  _reasonsToNotScheduleUpdates: Failed to check for Maintenance Service Registry Key: [Exception... "Component returned failure code: 0x80004001 (NS_ERROR_NOT_IMPLEMENTED) [nsIUpdateProcessor.getServiceRegKeyExists]"  nsresult: "0x80004001 (NS_ERROR_NOT_IMPLEMENTED)"  location: "JS frame :: resource://gre/modules/BackgroundUpdate.jsm :: _reasonsToNotScheduleUpdates :: line 243"  data: no]
1641783586785	Marionette	INFO	Listening on port 53458
1641783586893	RemoteAgent	WARN	TLS certificate errors will be ignored for this session
1641784543882	geckodriver	INFO	Listening on 127.0.0.1:54092
1641784544889	mozrunner::runner	INFO	Running command: "/Applications/Firefox.app/Contents/MacOS/firefox-bin" "--marionette" "--headless" "-foreground" "-no-remote" "-profile" "/var/folders/zj/64pcvrn117b35wx61ttyc22dy4rksl/T/rust_mozprofilej29mw2"
*** You are running in headless mode.
console.error: Policies.jsm: 
  Unable to find certificate - gnm_root_ca.cer
1641784545270	Marionette	INFO	Marionette enabled
[GFX1-]: RenderCompositorSWGL failed mapping default framebuffer, no dt
console.warn: SearchSettings: "get: No settings file exists, new profile?" (new NotFoundError("Could not open the file at /var/folders/zj/64pcvrn117b35wx61ttyc22dy4rksl/T/rust_mozprofilej29mw2/search.json.mozlz4", (void 0)))
console.error: BackgroundUpdate: 
  _reasonsToNotScheduleUpdates: Failed to check for Maintenance Service Registry Key: [Exception... "Component returned failure code: 0x80004001 (NS_ERROR_NOT_IMPLEMENTED) [nsIUpdateProcessor.getServiceRegKeyExists]"  nsresult: "0x80004001 (NS_ERROR_NOT_IMPLEMENTED)"  location: "JS frame :: resource://gre/modules/BackgroundUpdate.jsm :: _reasonsToNotScheduleUpdates :: line 243"  data: no]
1641784546332	Marionette	INFO	Listening on port 54103
1641784546389	RemoteAgent	WARN	TLS certificate errors will be ignored for this session
1641784583186	geckodriver	INFO	Listening on 127.0.0.1:54183
1641784583195	mozrunner::runner	INFO	Running command: "/Applications/Firefox.app/Contents/MacOS/firefox-bin" "--marionette" "--headless" "-foreground" "-no-remote" "-profile" "/var/folders/zj/64pcvrn117b35wx61ttyc22dy4rksl/T/rust_mozprofile7pNf1i"
*** You are running in headless mode.
console.error: Policies.jsm: 
  Unable to find certificate - gnm_root_ca.cer
1641784583517	Marionette	INFO	Marionette enabled
[GFX1-]: RenderCompositorSWGL failed mapping default framebuffer, no dt
console.warn: SearchSettings: "get: No settings file exists, new profile?" (new NotFoundError("Could not open the file at /var/folders/zj/64pcvrn117b35wx61ttyc22dy4rksl/T/rust_mozprofile7pNf1i/search.json.mozlz4", (void 0)))
console.error: BackgroundUpdate: 
  _reasonsToNotScheduleUpdates: Failed to check for Maintenance Service Registry Key: [Exception... "Component returned failure code: 0x80004001 (NS_ERROR_NOT_IMPLEMENTED) [nsIUpdateProcessor.getServiceRegKeyExists]"  nsresult: "0x80004001 (NS_ERROR_NOT_IMPLEMENTED)"  location: "JS frame :: resource://gre/modules/BackgroundUpdate.jsm :: _reasonsToNotScheduleUpdates :: line 243"  data: no]
1641784584606	Marionette	INFO	Listening on port 54192
1641784584693	RemoteAgent	WARN	TLS certificate errors will be ignored for this session
1641789146552	geckodriver	INFO	Listening on 127.0.0.1:55966
1641789147553	mozrunner::runner	INFO	Running command: "/Applications/Firefox.app/Contents/MacOS/firefox-bin" "--marionette" "--headless" "-foreground" "-no-remote" "-profile" "/var/folders/zj/64pcvrn117b35wx61ttyc22dy4rksl/T/rust_mozprofileEG4cP8"
*** You are running in headless mode.
console.error: Policies.jsm: 
  Unable to find certificate - gnm_root_ca.cer
1641789147933	Marionette	INFO	Marionette enabled
[GFX1-]: RenderCompositorSWGL failed mapping default framebuffer, no dt
console.warn: SearchSettings: "get: No settings file exists, new profile?" (new NotFoundError("Could not open the file at /var/folders/zj/64pcvrn117b35wx61ttyc22dy4rksl/T/rust_mozprofileEG4cP8/search.json.mozlz4", (void 0)))
console.error: BackgroundUpdate: 
  _reasonsToNotScheduleUpdates: Failed to check for Maintenance Service Registry Key: [Exception... "Component returned failure code: 0x80004001 (NS_ERROR_NOT_IMPLEMENTED) [nsIUpdateProcessor.getServiceRegKeyExists]"  nsresult: "0x80004001 (NS_ERROR_NOT_IMPLEMENTED)"  location: "JS frame :: resource://gre/modules/BackgroundUpdate.jsm :: _reasonsToNotScheduleUpdates :: line 243"  data: no]
1641789149003	Marionette	INFO	Listening on port 55977
1641789149039	RemoteAgent	WARN	TLS certificate errors will be ignored for this session
